Determining if the pthread_create exist failed with the following output:
Change Dir: /root/Documents/roswork/DJI2016_Challenge_v1.0/build/CMakeFiles/CMakeTmp

Run Build Command:/usr/bin/make "cmTryCompileExec3364125710/fast"
/usr/bin/make -f CMakeFiles/cmTryCompileExec3364125710.dir/build.make CMakeFiles/cmTryCompileExec3364125710.dir/build
make[1]: Entering directory `/root/Documents/roswork/DJI2016_Challenge_v1.0/build/CMakeFiles/CMakeTmp'
/usr/bin/cmake -E cmake_progress_report /root/Documents/roswork/DJI2016_Challenge_v1.0/build/CMakeFiles/CMakeTmp/CMakeFiles 1
Building C object CMakeFiles/cmTryCompileExec3364125710.dir/CheckSymbolExists.c.o
/usr/bin/cc    -o CMakeFiles/cmTryCompileExec3364125710.dir/CheckSymbolExists.c.o   -c /root/Documents/roswork/DJI2016_Challenge_v1.0/build/CMakeFiles/CMakeTmp/CheckSymbolExists.c
Linking C executable cmTryCompileExec3364125710
/usr/bin/cmake -E cmake_link_script CMakeFiles/cmTryCompileExec3364125710.dir/link.txt --verbose=1
/usr/bin/cc       CMakeFiles/cmTryCompileExec3364125710.dir/CheckSymbolExists.c.o  -o cmTryCompileExec3364125710 -rdynamic 
CMakeFiles/cmTryCompileExec3364125710.dir/CheckSymbolExists.c.o: In function `main':
CheckSymbolExists.c:(.text+0xe): undefined reference to `pthread_create'
CheckSymbolExists.c:(.text+0x12): undefined reference to `pthread_create'
collect2: error: ld returned 1 exit status
make[1]: Leaving directory `/root/Documents/roswork/DJI2016_Challenge_v1.0/build/CMakeFiles/CMakeTmp'
make[1]: *** [cmTryCompileExec3364125710] Error 1
make: *** [cmTryCompileExec3364125710/fast] Error 2

File /root/Documents/roswork/DJI2016_Challenge_v1.0/build/CMakeFiles/CMakeTmp/CheckSymbolExists.c:
/* */
#include <pthread.h>

int main(int argc, char** argv)
{
  (void)argv;
#ifndef pthread_create
  return ((int*)(&pthread_create))[argc];
#else
  (void)argc;
  return 0;
#endif
}

Determining if the function pthread_create exists in the pthreads failed with the following output:
Change Dir: /root/Documents/roswork/DJI2016_Challenge_v1.0/build/CMakeFiles/CMakeTmp

Run Build Command:/usr/bin/make "cmTryCompileExec4257521480/fast"
/usr/bin/make -f CMakeFiles/cmTryCompileExec4257521480.dir/build.make CMakeFiles/cmTryCompileExec4257521480.dir/build
make[1]: Entering directory `/root/Documents/roswork/DJI2016_Challenge_v1.0/build/CMakeFiles/CMakeTmp'
/usr/bin/cmake -E cmake_progress_report /root/Documents/roswork/DJI2016_Challenge_v1.0/build/CMakeFiles/CMakeTmp/CMakeFiles 1
Building C object CMakeFiles/cmTryCompileExec4257521480.dir/CheckFunctionExists.c.o
/usr/bin/cc   -DCHECK_FUNCTION_EXISTS=pthread_create   -o CMakeFiles/cmTryCompileExec4257521480.dir/CheckFunctionExists.c.o   -c /usr/share/cmake-2.8/Modules/CheckFunctionExists.c
Linking C executable cmTryCompileExec4257521480
/usr/bin/cmake -E cmake_link_script CMakeFiles/cmTryCompileExec4257521480.dir/link.txt --verbose=1
/usr/bin/cc   -DCHECK_FUNCTION_EXISTS=pthread_create    CMakeFiles/cmTryCompileExec4257521480.dir/CheckFunctionExists.c.o  -o cmTryCompileExec4257521480 -rdynamic -lpthreads 
/usr/bin/ld: cannot find -lpthreads
collect2: error: ld returned 1 exit status
make[1]: Leaving directory `/root/Documents/roswork/DJI2016_Challenge_v1.0/build/CMakeFiles/CMakeTmp'
make[1]: *** [cmTryCompileExec4257521480] Error 1
make: *** [cmTryCompileExec4257521480/fast] Error 2


